<?xml version="1.0" encoding="UTF-8"?>
<!-- Generated by org.testng.reporters.JUnitReportReporter -->
<testsuite hostname="DESKTOP-2FPBR8N" failures="0" tests="4" name="testCases.HomePageTest" time="12.187" errors="0" timestamp="23 Jan 2022 17:15:36 GMT" skipped="0">
  <testcase classname="testCases.HomePageTest" name="startmessage" time="2.749"/>
  <testcase classname="testCases.HomePageTest" name="Addtocart" time="3.993"/>
  <testcase classname="testCases.HomePageTest" name="Gotocart" time="2.733"/>
  <testcase classname="testCases.HomePageTest" name="Endmessage" time="2.712"/>
</testsuite> <!-- testCases.HomePageTest -->
