<?xml version="1.0" encoding="UTF-8"?>
<!-- Generated by org.testng.reporters.JUnitReportReporter -->
<testsuite hostname="DESKTOP-2FPBR8N" failures="0" tests="5" name="testCases.CheckoutTest" time="16.726" errors="0" timestamp="23 Jan 2022 17:17:44 GMT" skipped="0">
  <testcase classname="testCases.CheckoutTest" name="startmessage" time="3.016"/>
  <testcase classname="testCases.CheckoutTest" name="checkout_items" time="3.300"/>
  <testcase classname="testCases.CheckoutTest" name="checkout_items" time="3.223"/>
  <testcase classname="testCases.CheckoutTest" name="checkout_items" time="3.630"/>
  <testcase classname="testCases.CheckoutTest" name="Endmessage" time="3.557"/>
</testsuite> <!-- testCases.CheckoutTest -->
