<?xml version="1.0" encoding="UTF-8"?>
<!-- Generated by org.testng.reporters.JUnitReportReporter -->
<testsuite hostname="DESKTOP-2FPBR8N" failures="0" tests="1" name="testCases.MyCartTest" time="2.814" errors="0" timestamp="23 Jan 2022 17:10:56 GMT" skipped="0">
  <testcase classname="testCases.MyCartTest" name="finalpage" time="2.814"/>
</testsuite> <!-- testCases.MyCartTest -->
