<?xml version="1.0" encoding="UTF-8"?>
<!-- Generated by org.testng.reporters.JUnitReportReporter -->
<testsuite hostname="DESKTOP-2FPBR8N" failures="0" tests="3" name="testCases.LoginPageTest" time="10.833" errors="0" timestamp="23 Jan 2022 17:10:56 GMT" skipped="0">
  <testcase classname="testCases.LoginPageTest" name="startmessage" time="2.502"/>
  <testcase classname="testCases.LoginPageTest" name="LoginTest" time="2.730"/>
  <testcase classname="testCases.LoginPageTest" name="Endmessage" time="5.601"/>
</testsuite> <!-- testCases.LoginPageTest -->
